[debug] [2021-03-01T14:38:05.171Z] ----------------------------------------------------------------------
[debug] [2021-03-01T14:38:05.173Z] Command:       C:\Program Files\nodejs\node.exe C:\Users\wooisso\AppData\Roaming\npm\node_modules\firebase-tools\lib\bin\firebase.js init
[debug] [2021-03-01T14:38:05.173Z] CLI Version:   9.2.2
[debug] [2021-03-01T14:38:05.173Z] Platform:      win32
[debug] [2021-03-01T14:38:05.173Z] Node Version:  v14.15.4
[debug] [2021-03-01T14:38:05.174Z] Time:          Mon Mar 01 2021 23:38:05 GMT+0900 (대한민국 표준시)
[debug] [2021-03-01T14:38:05.174Z] ----------------------------------------------------------------------
[debug] [2021-03-01T14:38:05.174Z] 
[debug] [2021-03-01T14:38:05.178Z] > command requires scopes: ["email","openid","https://www.googleapis.com/auth/cloudplatformprojects.readonly","https://www.googleapis.com/auth/firebase","https://www.googleapis.com/auth/cloud-platform"]
[debug] [2021-03-01T14:38:05.178Z] > authorizing via signed-in user
[info] 
     ######## #### ########  ######## ########     ###     ######  ########
     ##        ##  ##     ## ##       ##     ##  ##   ##  ##       ##
     ######    ##  ########  ######   ########  #########  ######  ######
     ##        ##  ##    ##  ##       ##     ## ##     ##       ## ##
     ##       #### ##     ## ######## ########  ##     ##  ######  ########

You're about to initialize a Firebase project in this directory:

  E:\Github\vivace_piano

[info] 
=== Project Setup
[info] 
[info] First, let's associate this project directory with a Firebase project.
[info] You can create multiple project aliases by running firebase use --add, 
[info] but for now we'll just set up a default project.
[info] 
[debug] [2021-03-01T14:38:11.870Z] >>> [apiv2][query] GET https://firebase.googleapis.com/v1beta1/projects pageSize=100
[debug] [2021-03-01T14:38:12.808Z] <<< [apiv2][status] GET https://firebase.googleapis.com/v1beta1/projects 200
[debug] [2021-03-01T14:38:12.808Z] <<< [apiv2][body] GET https://firebase.googleapis.com/v1beta1/projects [omitted]
[info] i  Using project vivacepiano-fb077 (VivacePiano) 
[info] 
=== Hosting Setup
[info] 
[info] Your public directory is the folder (relative to your project directory) that
[info] will contain Hosting assets to be uploaded with firebase deploy. If you
[info] have a build process for your assets, use your build's output directory.
[info] 
[debug] [2021-03-01T14:38:42.183Z] >>> [apiv2][query] GET https://www.gstatic.com/firebasejs/releases.json [none]
[debug] [2021-03-01T14:38:42.317Z] <<< [apiv2][status] GET https://www.gstatic.com/firebasejs/releases.json 200
[debug] [2021-03-01T14:38:42.318Z] <<< [apiv2][body] GET https://www.gstatic.com/firebasejs/releases.json {"current":{"version":"8.2.9","browserURL":"https://www.gstatic.com/firebasejs/8.2.9/firebase.js","packageURL":"https://www.gstatic.com/firebasejs/8.2.9/firebase.tgz"},"live":{"version":"8.2","browserURL":"https://www.gstatic.com/firebasejs/live/8.2/firebase.js","packageURL":"https://www.gstatic.com/firebasejs/live/8.2/firebase.tgz"},"components":{"analytics":"https://www.gstatic.com/firebasejs/8.2.9/firebase-analytics.js","app":"https://www.gstatic.com/firebasejs/8.2.9/firebase-app.js","auth":"https://www.gstatic.com/firebasejs/8.2.9/firebase-auth.js","database":"https://www.gstatic.com/firebasejs/8.2.9/firebase-database.js","firestore":"https://www.gstatic.com/firebasejs/8.2.9/firebase-firestore.js","functions":"https://www.gstatic.com/firebasejs/8.2.9/firebase-functions.js","installations":"https://www.gstatic.com/firebasejs/8.2.9/firebase-installations.js","messaging":"https://www.gstatic.com/firebasejs/8.2.9/firebase-messaging.js","storage":"https://www.gstatic.com/firebasejs/8.2.9/firebase-storage.js","performance":"https://www.gstatic.com/firebasejs/8.2.9/firebase-performance.js","remote-config":"https://www.gstatic.com/firebasejs/8.2.9/firebase-remote-config.js","firestore.memory":"https://www.gstatic.com/firebasejs/8.2.9/firebase-firestore.memory.js"}}
[info] i  Skipping write of public/index.html 
[info] 
[info] i  Detected a .git folder at E:\Github\vivace_piano 
[info] i  Authorizing with GitHub to upload your service account to a GitHub repository's secrets store. 
[info] 
[info] Visit this URL on this device to log in:
[info] https://github.com/login/oauth/authorize?client_id=89cf50f02ac6aaed3484&state=977108591&redirect_uri=http%3A%2F%2Flocalhost%3A9005&scope=read%3Auser%20repo%20public_repo
[info] 
[info] Waiting for authentication...
[debug] [2021-03-01T14:39:02.166Z] >>> HTTP REQUEST POST https://github.com/login/oauth/access_token  
 {"client_id":"89cf50f02ac6aaed3484","client_secret":"3330d14abc895d9a74d5f17cd7a00711fa2c5bf0","code":"40051bd2597e2f3b7279","redirect_uri":"http://localhost:9005","state":"977108591"}
[debug] [2021-03-01T14:39:02.489Z] <<< HTTP RESPONSE 200 {"server":"GitHub.com","date":"Mon, 01 Mar 2021 14:39:03 GMT","content-type":"application/json; charset=utf-8","transfer-encoding":"chunked","vary":"X-PJAX, Accept-Encoding, Accept, X-Requested-With","etag":"W/\"ca66fde46b968e73efcb0b45ce48fe35\"","cache-control":"max-age=0, private, must-revalidate","strict-transport-security":"max-age=31536000; includeSubdomains; preload","x-frame-options":"deny","x-content-type-options":"nosniff","x-xss-protection":"1; mode=block","referrer-policy":"origin-when-cross-origin, strict-origin-when-cross-origin","expect-ct":"max-age=2592000, report-uri=\"https://api.github.com/_private/browser/errors\"","content-security-policy":"default-src 'none'; base-uri 'self'; block-all-mixed-content; connect-src 'self' uploads.github.com www.githubstatus.com collector.githubapp.com api.github.com github-cloud.s3.amazonaws.com github-production-repository-file-5c1aeb.s3.amazonaws.com github-production-upload-manifest-file-7fdce7.s3.amazonaws.com github-production-user-asset-6210df.s3.amazonaws.com cdn.optimizely.com logx.optimizely.com/v1/events wss://alive.github.com; font-src github.githubassets.com; form-action 'self' github.com gist.github.com; frame-ancestors 'none'; frame-src render.githubusercontent.com; img-src 'self' data: github.githubassets.com identicons.github.com collector.githubapp.com github-cloud.s3.amazonaws.com user-images.githubusercontent.com/ *.githubusercontent.com; manifest-src 'self'; media-src 'none'; script-src github.githubassets.com; style-src 'unsafe-inline' github.githubassets.com; worker-src github.com/socket-worker-5029ae85.js gist.github.com/socket-worker-5029ae85.js","x-github-request-id":"D469:44F8:77302:857B9:603CFC87"}
[debug] [2021-03-01T14:39:02.490Z] >>> [apiv2][query] GET https://api.github.com/user [none]
[debug] [2021-03-01T14:39:02.811Z] <<< [apiv2][status] GET https://api.github.com/user 200
[debug] [2021-03-01T14:39:02.811Z] <<< [apiv2][body] GET https://api.github.com/user {"login":"Ssioo","id":41153640,"node_id":"MDQ6VXNlcjQxMTUzNjQw","avatar_url":"https://avatars.githubusercontent.com/u/41153640?v=4","gravatar_id":"","url":"https://api.github.com/users/Ssioo","html_url":"https://github.com/Ssioo","followers_url":"https://api.github.com/users/Ssioo/followers","following_url":"https://api.github.com/users/Ssioo/following{/other_user}","gists_url":"https://api.github.com/users/Ssioo/gists{/gist_id}","starred_url":"https://api.github.com/users/Ssioo/starred{/owner}{/repo}","subscriptions_url":"https://api.github.com/users/Ssioo/subscriptions","organizations_url":"https://api.github.com/users/Ssioo/orgs","repos_url":"https://api.github.com/users/Ssioo/repos","events_url":"https://api.github.com/users/Ssioo/events{/privacy}","received_events_url":"https://api.github.com/users/Ssioo/received_events","type":"User","site_admin":false,"name":"Yeonwoo_Cho","company":"None","blog":"http://blog.naver.com/wooisso","location":"Seoul","email":null,"hireable":null,"bio":"즐겁게","twitter_username":null,"public_repos":36,"public_gists":0,"followers":15,"following":20,"created_at":"2018-07-12T11:51:26Z","updated_at":"2021-03-01T14:39:03Z","private_gists":0,"total_private_repos":0,"owned_private_repos":0,"disk_usage":250381,"collaborators":0,"two_factor_authentication":false,"plan":{"name":"free","space":976562499,"collaborators":0,"private_repos":10000}}
[info] 
[info] +  Success! Logged into GitHub as Ssioo 
[info] 
[debug] [2021-03-01T14:39:17.608Z] >>> [apiv2][query] GET https://api.github.com/repos/master/actions/secrets/public-key type=owner
[debug] [2021-03-01T14:39:17.863Z] <<< [apiv2][status] GET https://api.github.com/repos/master/actions/secrets/public-key 404
[debug] [2021-03-01T14:39:17.863Z] <<< [apiv2][body] GET https://api.github.com/repos/master/actions/secrets/public-key {"message":"Not Found","documentation_url":"https://docs.github.com/rest"}
